<?xml version="1.0" encoding="UTF-8"?>
<!-- Generated by org.testng.reporters.JUnitXMLReporter -->
<testsuite hostname="A2ML37876" ignored="5" name="Test" tests="2" failures="0" timestamp="2023-08-09T10:46:49 IST" time="54.205" errors="0">
  <testcase name="HomePageValidation" time="15.994" classname="testCasesSuite.FIrstTestCase"/>
  <testcase name="Login1" time="12.781" classname="testCasesSuite.FIrstTestCase"/>
  <testcase name="SearchCostomer" time="0.0" classname="testCasesSuite.SecondTestCase">
    <ignored/>
  </testcase> <!-- SearchCostomer -->
  <testcase name="setUp" time="0.0" classname="testCasesSuite.SecondTestCase">
    <ignored/>
  </testcase> <!-- setUp -->
  <testcase name="Login" time="0.0" classname="testCasesSuite.FIrstTestCase">
    <ignored/>
  </testcase> <!-- Login -->
  <testcase name="addCustomer" time="0.0" classname="testCasesSuite.SecondTestCase">
    <ignored/>
  </testcase> <!-- addCustomer -->
  <testcase name="HomePageValidation1" time="0.0" classname="testCasesSuite.FIrstTestCase">
    <ignored/>
  </testcase> <!-- HomePageValidation1 -->
</testsuite> <!-- Test -->
